[0m09:32:59.496671 [debug] [MainThread]: Sending event: {'category': 'dbt', 'action': 'invocation', 'label': 'start', 'context': [<snowplow_tracker.self_describing_json.SelfDescribingJson object at 0x794622068fe0>, <snowplow_tracker.self_describing_json.SelfDescribingJson object at 0x79462206acf0>, <snowplow_tracker.self_describing_json.SelfDescribingJson object at 0x794622069070>]}


============================== 09:32:59.500990 | c1ab00a5-7127-41c1-9cb0-f2d049184fb9 ==============================
[0m09:32:59.500990 [info ] [MainThread]: Running with dbt=1.7.13
[0m09:32:59.501566 [debug] [MainThread]: running dbt with arguments {'printer_width': '80', 'indirect_selection': 'eager', 'log_cache_events': 'False', 'write_json': 'True', 'partial_parse': 'True', 'cache_selected_only': 'False', 'profiles_dir': '/home/muleadmin/.dbt', 'fail_fast': 'False', 'warn_error': 'None', 'log_path': 'logs', 'version_check': 'True', 'debug': 'False', 'use_colors': 'True', 'use_experimental_parser': 'False', 'no_print': 'None', 'quiet': 'False', 'log_format': 'default', 'introspect': 'True', 'invocation_command': 'dbt init', 'static_parser': 'True', 'target_path': 'None', 'warn_error_options': 'WarnErrorOptions(include=[], exclude=[])', 'send_anonymous_usage_stats': 'True'}
[0m09:33:14.443212 [debug] [MainThread]: Starter project path: /home/muleadmin/.local/lib/python3.12/site-packages/dbt/include/starter_project
[0m09:33:14.474473 [info ] [MainThread]: 
Your new dbt project "essential_lakehouse" was created!

For more information on how to configure the profiles.yml file,
please consult the dbt documentation here:

  https://docs.getdbt.com/docs/configure-your-profile

One more thing:

Need help? Don't hesitate to reach out to us via GitHub issues or on Slack:

  https://community.getdbt.com/

Happy modeling!

[0m09:33:14.475011 [info ] [MainThread]: Setting up your profile.
[0m09:35:48.200991 [info ] [MainThread]: Profile essential_lakehouse written to /home/muleadmin/.dbt/profiles.yml using target's profile_template.yml and your supplied values. Run 'dbt debug' to validate the connection.
[0m09:35:48.202180 [debug] [MainThread]: Resource report: {"command_name": "init", "command_success": true, "command_wall_clock_time": 168.74608, "process_user_time": 1.954934, "process_kernel_time": 0.153994, "process_mem_max_rss": "96596", "process_in_blocks": "56", "process_out_blocks": "80"}
[0m09:35:48.202948 [debug] [MainThread]: Command `dbt init` succeeded at 09:35:48.202712 after 168.75 seconds
[0m09:35:48.203378 [debug] [MainThread]: Sending event: {'category': 'dbt', 'action': 'invocation', 'label': 'end', 'context': [<snowplow_tracker.self_describing_json.SelfDescribingJson object at 0x7946223f0170>, <snowplow_tracker.self_describing_json.SelfDescribingJson object at 0x794622a5fcb0>, <snowplow_tracker.self_describing_json.SelfDescribingJson object at 0x7946231391c0>]}
[0m09:35:48.203816 [debug] [MainThread]: Flushing usage events
[0m12:53:43.385046 [debug] [MainThread]: Sending event: {'category': 'dbt', 'action': 'invocation', 'label': 'start', 'context': [<snowplow_tracker.self_describing_json.SelfDescribingJson object at 0x7d1685ea4c20>, <snowplow_tracker.self_describing_json.SelfDescribingJson object at 0x7d16862c7050>, <snowplow_tracker.self_describing_json.SelfDescribingJson object at 0x7d1685ea4d10>]}


============================== 12:53:43.389478 | 45dc3778-9971-44a6-b6b7-f4b618c16ffc ==============================
[0m12:53:43.389478 [info ] [MainThread]: Running with dbt=1.7.13
[0m12:53:43.390098 [debug] [MainThread]: running dbt with arguments {'printer_width': '80', 'indirect_selection': 'eager', 'write_json': 'True', 'log_cache_events': 'False', 'partial_parse': 'True', 'cache_selected_only': 'False', 'warn_error': 'None', 'fail_fast': 'False', 'debug': 'False', 'log_path': 'logs', 'profiles_dir': '/home/muleadmin/.dbt', 'version_check': 'True', 'use_colors': 'True', 'use_experimental_parser': 'False', 'no_print': 'None', 'quiet': 'False', 'warn_error_options': 'WarnErrorOptions(include=[], exclude=[])', 'invocation_command': 'dbt run --target dev', 'introspect': 'True', 'static_parser': 'True', 'target_path': 'None', 'log_format': 'default', 'send_anonymous_usage_stats': 'True'}
[0m12:53:43.390622 [error] [MainThread]: Encountered an error:
Runtime Error
  No dbt_project.yml found at expected path /opt/lakehouse/dbt/dbt_project.yml
  Verify that each entry within packages.yml (and their transitive dependencies) contains a file named dbt_project.yml
  
[0m12:53:43.391554 [debug] [MainThread]: Resource report: {"command_name": "run", "command_wall_clock_time": 0.009587527, "process_user_time": 2.033685, "process_kernel_time": 0.117981, "process_mem_max_rss": "95448", "process_out_blocks": "16", "command_success": false, "process_in_blocks": "0"}
[0m12:53:43.392175 [debug] [MainThread]: Command `dbt run` failed at 12:53:43.392036 after 0.01 seconds
[0m12:53:43.392558 [debug] [MainThread]: Sending event: {'category': 'dbt', 'action': 'invocation', 'label': 'end', 'context': [<snowplow_tracker.self_describing_json.SelfDescribingJson object at 0x7d1689fb3290>, <snowplow_tracker.self_describing_json.SelfDescribingJson object at 0x7d1686250b00>, <snowplow_tracker.self_describing_json.SelfDescribingJson object at 0x7d16862c7050>]}
[0m12:53:43.392970 [debug] [MainThread]: Flushing usage events
